Symlinking /home/zzy/introtoros_2025-main-project/project/devel/lib/pkgconfig/planning_package.pc
Symlinking /home/zzy/introtoros_2025-main-project/project/devel/lib/planning_package/planning_node
Symlinking /home/zzy/introtoros_2025-main-project/project/devel/lib/planning_package/trajectory_visualizer
Symlinking /home/zzy/introtoros_2025-main-project/project/devel/share/planning_package/cmake/planning_packageConfig.cmake
Symlinking /home/zzy/introtoros_2025-main-project/project/devel/share/planning_package/cmake/planning_packageConfig-version.cmake
Cleaning: (/home/youran/Desktop/introtoros_2025/project/devel/.private/planning_package/lib/pkgconfig/planning_package.pc, /home/youran/Desktop/introtoros_2025/project/devel/lib/pkgconfig/planning_package.pc)
Cleaning: (/home/youran/Desktop/introtoros_2025/project/devel/.private/planning_package/lib/planning_package/trajectory_visualizer, /home/youran/Desktop/introtoros_2025/project/devel/lib/planning_package/trajectory_visualizer)
Cleaning: (/home/youran/Desktop/introtoros_2025/project/devel/.private/planning_package/lib/planning_package/planning_node, /home/youran/Desktop/introtoros_2025/project/devel/lib/planning_package/planning_node)
Cleaning: (/home/youran/Desktop/introtoros_2025/project/devel/.private/planning_package/share/planning_package/cmake/planning_packageConfig.cmake, /home/youran/Desktop/introtoros_2025/project/devel/share/planning_package/cmake/planning_packageConfig.cmake)
Cleaning: (/home/youran/Desktop/introtoros_2025/project/devel/.private/planning_package/share/planning_package/cmake/planning_packageConfig-version.cmake, /home/youran/Desktop/introtoros_2025/project/devel/share/planning_package/cmake/planning_packageConfig-version.cmake)
Unlinking: /home/youran/Desktop/introtoros_2025/project/devel/lib/pkgconfig/planning_package.pc
Already unlinked: {}
Unlinking: /home/youran/Desktop/introtoros_2025/project/devel/lib/planning_package/trajectory_visualizer
Already unlinked: {}
Unlinking: /home/youran/Desktop/introtoros_2025/project/devel/lib/planning_package/planning_node
Already unlinked: {}
Unlinking: /home/youran/Desktop/introtoros_2025/project/devel/share/planning_package/cmake/planning_packageConfig.cmake
Already unlinked: {}
Unlinking: /home/youran/Desktop/introtoros_2025/project/devel/share/planning_package/cmake/planning_packageConfig-version.cmake
Already unlinked: {}
