[  0%] Built target msg_interfaces_generate_messages_py
[  0%] Built target nav_msgs_generate_messages_eus
[  0%] Built target geometry_msgs_generate_messages_eus
[  0%] Built target std_msgs_generate_messages_nodejs
[  0%] Built target std_msgs_generate_messages_py
[  0%] Built target nav_msgs_generate_messages_nodejs
[  0%] Built target rosgraph_msgs_generate_messages_lisp
[  0%] Built target actionlib_msgs_generate_messages_eus
[  0%] Built target std_msgs_generate_messages_cpp
[  0%] Built target tf2_msgs_generate_messages_cpp
[  0%] Built target actionlib_msgs_generate_messages_py
[  0%] Built target actionlib_generate_messages_cpp
[  0%] Built target roscpp_generate_messages_lisp
[  0%] Built target actionlib_generate_messages_lisp
[  0%] Built target std_msgs_generate_messages_lisp
[  0%] Built target rosgraph_msgs_generate_messages_py
[  0%] Built target roscpp_generate_messages_py
[  0%] Built target nav_msgs_generate_messages_lisp
[  0%] Built target rosgraph_msgs_generate_messages_eus
[  0%] Built target geometry_msgs_generate_messages_py
[  0%] Built target nav_msgs_generate_messages_py
[  0%] Built target roscpp_generate_messages_cpp
[  0%] Built target roscpp_generate_messages_eus
[  0%] Built target tf2_msgs_generate_messages_eus
[  0%] Built target geometry_msgs_generate_messages_nodejs
[  0%] Built target visualization_msgs_generate_messages_lisp
[  0%] Built target geometry_msgs_generate_messages_cpp
[  0%] Built target nav_msgs_generate_messages_cpp
[  0%] Built target visualization_msgs_generate_messages_eus
[  0%] Built target tf2_msgs_generate_messages_py
[  0%] Built target geometry_msgs_generate_messages_lisp
[  0%] Built target msg_interfaces_generate_messages_cpp
[  0%] Built target msg_interfaces_generate_messages_lisp
[  0%] Built target actionlib_msgs_generate_messages_cpp
[  0%] Built target visualization_msgs_generate_messages_cpp
[  0%] Built target rosgraph_msgs_generate_messages_cpp
[  0%] Built target actionlib_generate_messages_eus
[  0%] Built target actionlib_msgs_generate_messages_lisp
[  0%] Built target std_msgs_generate_messages_eus
[  0%] Built target actionlib_msgs_generate_messages_nodejs
[  0%] Built target actionlib_generate_messages_py
[  0%] Built target visualization_msgs_generate_messages_nodejs
[  0%] Built target visualization_msgs_generate_messages_py
[  0%] Built target tf2_msgs_generate_messages_lisp
[  0%] Built target tf2_msgs_generate_messages_nodejs
[  0%] Built target actionlib_generate_messages_nodejs
[  0%] Built target roscpp_generate_messages_nodejs
[  0%] Built target msg_interfaces_generate_messages_eus
[  0%] Built target msg_interfaces_generate_messages_nodejs
[  0%] Built target rosgraph_msgs_generate_messages_nodejs
[ 50%] Built target trajectory_visualizer
[100%] Built target planning_node
[36mInstall the project...[0m
-- Install configuration: "Release"
-- Installing: /home/zzy/introtoros_2025-main-project/project/install/_setup_util.py
-- Installing: /home/zzy/introtoros_2025-main-project/project/install/env.sh
-- Installing: /home/zzy/introtoros_2025-main-project/project/install/setup.bash
-- Installing: /home/zzy/introtoros_2025-main-project/project/install/local_setup.bash
-- Installing: /home/zzy/introtoros_2025-main-project/project/install/setup.sh
-- Installing: /home/zzy/introtoros_2025-main-project/project/install/local_setup.sh
-- Installing: /home/zzy/introtoros_2025-main-project/project/install/setup.zsh
-- Installing: /home/zzy/introtoros_2025-main-project/project/install/local_setup.zsh
-- Installing: /home/zzy/introtoros_2025-main-project/project/install/setup.fish
-- Installing: /home/zzy/introtoros_2025-main-project/project/install/local_setup.fish
-- Installing: /home/zzy/introtoros_2025-main-project/project/install/.rosinstall
-- Up-to-date: /home/zzy/introtoros_2025-main-project/project/install/lib/pkgconfig/planning_package.pc
-- Up-to-date: /home/zzy/introtoros_2025-main-project/project/install/share/planning_package/cmake/planning_packageConfig.cmake
-- Up-to-date: /home/zzy/introtoros_2025-main-project/project/install/share/planning_package/cmake/planning_packageConfig-version.cmake
-- Up-to-date: /home/zzy/introtoros_2025-main-project/project/install/share/planning_package/package.xml
-- Installing: /home/zzy/introtoros_2025-main-project/project/install/lib/planning_package/planning_node
-- Set runtime path of "/home/zzy/introtoros_2025-main-project/project/install/lib/planning_package/planning_node" to ""
-- Up-to-date: /home/zzy/introtoros_2025-main-project/project/install/lib/planning_package/trajectory_visualizer
