[35m[1mScanning dependencies of target nav_msgs_generate_messages_eus[0m
[35m[1mScanning dependencies of target geometry_msgs_generate_messages_eus[0m
[35m[1mScanning dependencies of target rosgraph_msgs_generate_messages_lisp[0m
[35m[1mScanning dependencies of target std_msgs_generate_messages_nodejs[0m
[35m[1mScanning dependencies of target actionlib_msgs_generate_messages_eus[0m
[35m[1mScanning dependencies of target std_msgs_generate_messages_py[0m
[35m[1mScanning dependencies of target msg_interfaces_generate_messages_py[0m
[35m[1mScanning dependencies of target nav_msgs_generate_messages_nodejs[0m
[35m[1mScanning dependencies of target std_msgs_generate_messages_cpp[0m
[  0%] Built target rosgraph_msgs_generate_messages_lisp
[  0%] Built target nav_msgs_generate_messages_eus
[  0%] Built target geometry_msgs_generate_messages_eus
[  0%] Built target std_msgs_generate_messages_py
[  0%] Built target nav_msgs_generate_messages_nodejs
[  0%] Built target actionlib_msgs_generate_messages_eus
[  0%] Built target std_msgs_generate_messages_nodejs
[  0%] Built target msg_interfaces_generate_messages_py
[  0%] Built target std_msgs_generate_messages_cpp
[35m[1mScanning dependencies of target actionlib_generate_messages_cpp[0m
[35m[1mScanning dependencies of target actionlib_generate_messages_lisp[0m
[35m[1mScanning dependencies of target tf2_msgs_generate_messages_cpp[0m
[35m[1mScanning dependencies of target roscpp_generate_messages_lisp[0m
[35m[1mScanning dependencies of target actionlib_msgs_generate_messages_py[0m
[35m[1mScanning dependencies of target std_msgs_generate_messages_lisp[0m
[35m[1mScanning dependencies of target rosgraph_msgs_generate_messages_py[0m
[  0%] Built target actionlib_generate_messages_cpp
[  0%] Built target actionlib_generate_messages_lisp
[35m[1mScanning dependencies of target nav_msgs_generate_messages_lisp[0m
[35m[1mScanning dependencies of target roscpp_generate_messages_py[0m
[  0%] Built target roscpp_generate_messages_lisp
[  0%] Built target tf2_msgs_generate_messages_cpp
[  0%] Built target nav_msgs_generate_messages_lisp
[  0%] Built target roscpp_generate_messages_py
[35m[1mScanning dependencies of target geometry_msgs_generate_messages_py[0m
[  0%] Built target rosgraph_msgs_generate_messages_py
[  0%] Built target std_msgs_generate_messages_lisp
[  0%] Built target actionlib_msgs_generate_messages_py
[35m[1mScanning dependencies of target rosgraph_msgs_generate_messages_eus[0m
[35m[1mScanning dependencies of target roscpp_generate_messages_cpp[0m
[35m[1mScanning dependencies of target roscpp_generate_messages_eus[0m
[35m[1mScanning dependencies of target geometry_msgs_generate_messages_nodejs[0m
[35m[1mScanning dependencies of target tf2_msgs_generate_messages_eus[0m
[35m[1mScanning dependencies of target visualization_msgs_generate_messages_lisp[0m
[  0%] Built target geometry_msgs_generate_messages_py
[35m[1mScanning dependencies of target nav_msgs_generate_messages_py[0m
[  0%] Built target rosgraph_msgs_generate_messages_eus
[35m[1mScanning dependencies of target geometry_msgs_generate_messages_cpp[0m
[  0%] Built target roscpp_generate_messages_cpp
[  0%] Built target roscpp_generate_messages_eus
[  0%] Built target tf2_msgs_generate_messages_eus
[  0%] Built target visualization_msgs_generate_messages_lisp
[  0%] Built target geometry_msgs_generate_messages_nodejs
[35m[1mScanning dependencies of target nav_msgs_generate_messages_cpp[0m
[  0%] Built target geometry_msgs_generate_messages_cpp
[35m[1mScanning dependencies of target visualization_msgs_generate_messages_eus[0m
[  0%] Built target nav_msgs_generate_messages_py
[35m[1mScanning dependencies of target geometry_msgs_generate_messages_lisp[0m
[35m[1mScanning dependencies of target tf2_msgs_generate_messages_py[0m
[35m[1mScanning dependencies of target msg_interfaces_generate_messages_cpp[0m
[35m[1mScanning dependencies of target msg_interfaces_generate_messages_lisp[0m
[  0%] Built target nav_msgs_generate_messages_cpp
[35m[1mScanning dependencies of target actionlib_msgs_generate_messages_cpp[0m
[  0%] Built target visualization_msgs_generate_messages_eus
[35m[1mScanning dependencies of target visualization_msgs_generate_messages_cpp[0m
[  0%] Built target tf2_msgs_generate_messages_py
[35m[1mScanning dependencies of target rosgraph_msgs_generate_messages_cpp[0m
[  0%] Built target geometry_msgs_generate_messages_lisp
[  0%] Built target msg_interfaces_generate_messages_cpp
[  0%] Built target msg_interfaces_generate_messages_lisp
[  0%] Built target actionlib_msgs_generate_messages_cpp
[35m[1mScanning dependencies of target actionlib_generate_messages_eus[0m
[  0%] Built target visualization_msgs_generate_messages_cpp
[  0%] Built target rosgraph_msgs_generate_messages_cpp
[35m[1mScanning dependencies of target std_msgs_generate_messages_eus[0m
[35m[1mScanning dependencies of target actionlib_msgs_generate_messages_lisp[0m
[35m[1mScanning dependencies of target visualization_msgs_generate_messages_py[0m
[35m[1mScanning dependencies of target actionlib_generate_messages_py[0m
[35m[1mScanning dependencies of target tf2_msgs_generate_messages_lisp[0m
[35m[1mScanning dependencies of target tf2_msgs_generate_messages_nodejs[0m
[  0%] Built target actionlib_generate_messages_eus
[35m[1mScanning dependencies of target visualization_msgs_generate_messages_nodejs[0m
[35m[1mScanning dependencies of target actionlib_msgs_generate_messages_nodejs[0m
[  0%] Built target std_msgs_generate_messages_eus
[  0%] Built target actionlib_msgs_generate_messages_lisp
[  0%] Built target tf2_msgs_generate_messages_lisp
[  0%] Built target actionlib_generate_messages_py
[  0%] Built target visualization_msgs_generate_messages_nodejs
[  0%] Built target visualization_msgs_generate_messages_py
[  0%] Built target tf2_msgs_generate_messages_nodejs
[  0%] Built target actionlib_msgs_generate_messages_nodejs
[35m[1mScanning dependencies of target actionlib_generate_messages_nodejs[0m
[35m[1mScanning dependencies of target msg_interfaces_generate_messages_nodejs[0m
[35m[1mScanning dependencies of target roscpp_generate_messages_nodejs[0m
[35m[1mScanning dependencies of target rosgraph_msgs_generate_messages_nodejs[0m
[35m[1mScanning dependencies of target msg_interfaces_generate_messages_eus[0m
[  0%] Built target actionlib_generate_messages_nodejs
[  0%] Built target roscpp_generate_messages_nodejs
[  0%] Built target msg_interfaces_generate_messages_nodejs
[  0%] Built target rosgraph_msgs_generate_messages_nodejs
[  0%] Built target msg_interfaces_generate_messages_eus
[35m[1mScanning dependencies of target trajectory_visualizer[0m
[35m[1mScanning dependencies of target planning_node[0m
[ 25%] [32mBuilding CXX object CMakeFiles/trajectory_visualizer.dir/src/trajectory_visualizer.cpp.o[0m
[ 50%] [32mBuilding CXX object CMakeFiles/planning_node.dir/src/planning_node.cpp.o[0m
[ 75%] [32m[1mLinking CXX executable /home/zzy/introtoros_2025-main-project/project/devel/.private/planning_package/lib/planning_package/trajectory_visualizer[0m
[ 75%] Built target trajectory_visualizer
[100%] [32m[1mLinking CXX executable /home/zzy/introtoros_2025-main-project/project/devel/.private/planning_package/lib/planning_package/planning_node[0m
[100%] Built target planning_node
