[  0%] Built target std_msgs_generate_messages_py
[  0%] Built target nav_msgs_generate_messages_eus
[  0%] Built target std_msgs_generate_messages_cpp
[  0%] Built target geometry_msgs_generate_messages_eus
[  0%] Built target std_msgs_generate_messages_nodejs
[  0%] Built target msg_interfaces_generate_messages_py
[  0%] Built target actionlib_msgs_generate_messages_py
[  0%] Built target actionlib_msgs_generate_messages_eus
[  0%] Built target nav_msgs_generate_messages_nodejs
[  0%] Built target rosgraph_msgs_generate_messages_lisp
[  0%] Built target tf2_msgs_generate_messages_cpp
[  0%] Built target actionlib_generate_messages_cpp
[  0%] Built target actionlib_generate_messages_lisp
[  0%] Built target roscpp_generate_messages_lisp
[  0%] Built target std_msgs_generate_messages_lisp
[  0%] Built target rosgraph_msgs_generate_messages_py
[  0%] Built target geometry_msgs_generate_messages_py
[  0%] Built target roscpp_generate_messages_py
[  0%] Built target roscpp_generate_messages_cpp
[  0%] Built target rosgraph_msgs_generate_messages_eus
[  0%] Built target roscpp_generate_messages_eus
[  0%] Built target nav_msgs_generate_messages_py
[  0%] Built target nav_msgs_generate_messages_lisp
[  0%] Built target geometry_msgs_generate_messages_nodejs
[  0%] Built target visualization_msgs_generate_messages_lisp
[  0%] Built target geometry_msgs_generate_messages_cpp
[  0%] Built target tf2_msgs_generate_messages_eus
[  0%] Built target nav_msgs_generate_messages_cpp
[  0%] Built target geometry_msgs_generate_messages_lisp
[  0%] Built target visualization_msgs_generate_messages_eus
[  0%] Built target msg_interfaces_generate_messages_cpp
[  0%] Built target tf2_msgs_generate_messages_py
[  0%] Built target msg_interfaces_generate_messages_lisp
[  0%] Built target actionlib_msgs_generate_messages_cpp
[  0%] Built target visualization_msgs_generate_messages_cpp
[  0%] Built target actionlib_msgs_generate_messages_nodejs
[  0%] Built target actionlib_generate_messages_eus
[  0%] Built target actionlib_msgs_generate_messages_lisp
[  0%] Built target visualization_msgs_generate_messages_nodejs
[  0%] Built target rosgraph_msgs_generate_messages_cpp
[  0%] Built target std_msgs_generate_messages_eus
[  0%] Built target actionlib_generate_messages_py
[  0%] Built target visualization_msgs_generate_messages_py
[  0%] Built target tf2_msgs_generate_messages_nodejs
[  0%] Built target tf2_msgs_generate_messages_lisp
[  0%] Built target actionlib_generate_messages_nodejs
[  0%] Built target msg_interfaces_generate_messages_nodejs
[  0%] Built target msg_interfaces_generate_messages_eus
[  0%] Built target roscpp_generate_messages_nodejs
[  0%] Built target rosgraph_msgs_generate_messages_nodejs
[35m[1mScanning dependencies of target planning_node[0m
[ 50%] Built target trajectory_visualizer
[ 75%] [32mBuilding CXX object CMakeFiles/planning_node.dir/src/planning_node.cpp.o[0m
[01m[K/home/zzy/introtoros_2025-main-project/project/src/planning_package/src/planning_node.cpp:[m[K In member function ‘[01m[Kbool VehicleFollowingPlanningNode::loadWaypointsFromJson(const string&)[m[K’:
[01m[K/home/zzy/introtoros_2025-main-project/project/src/planning_package/src/planning_node.cpp:769:13:[m[K [01;31m[Kerror: [m[Kreturn-statement with no value, in function returning ‘[01m[Kbool[m[K’ [[01;31m[K-fpermissive[m[K]
  769 |             [01;31m[Kreturn[m[K;
      |             [01;31m[K^~~~~~[m[K
[01m[K/home/zzy/introtoros_2025-main-project/project/src/planning_package/src/planning_node.cpp:782:13:[m[K [01;31m[Kerror: [m[Kreturn-statement with no value, in function returning ‘[01m[Kbool[m[K’ [[01;31m[K-fpermissive[m[K]
  782 |             [01;31m[Kreturn[m[K ;
      |             [01;31m[K^~~~~~[m[K
make[2]: *** [CMakeFiles/planning_node.dir/build.make:63：CMakeFiles/planning_node.dir/src/planning_node.cpp.o] 错误 1
make[1]: *** [CMakeFiles/Makefile2:1802：CMakeFiles/planning_node.dir/all] 错误 2
make: *** [Makefile:141：all] 错误 2
