Cloning into 'libsocket'...
Already on 'master'
CMake Warning (dev) at /usr/share/cmake-3.16/Modules/CPack.cmake:569 (option):
  Policy CMP0077 is not set: option() honors normal variables.  Run "cmake
  --help-policy CMP0077" for policy details.  Use the cmake_policy command to
  set the policy and suppress this warning.

  For compatibility with older versions of CMake, option is clearing the
  normal variable 'CPACK_BINARY_TZ'.
Call Stack (most recent call first):
  CMakeLists.txt:64 (INCLUDE)
This warning is for project developers.  Use -Wno-dev to suppress it.

CMake Warning (dev) at /usr/share/cmake-3.16/Modules/CPack.cmake:571 (option):
  Policy CMP0077 is not set: option() honors normal variables.  Run "cmake
  --help-policy CMP0077" for policy details.  Use the cmake_policy command to
  set the policy and suppress this warning.

  For compatibility with older versions of CMake, option is clearing the
  normal variable 'CPACK_BINARY_DEB'.
Call Stack (most recent call first):
  CMakeLists.txt:64 (INCLUDE)
This warning is for project developers.  Use -Wno-dev to suppress it.

CMake Warning (dev) at /usr/share/cmake-3.16/Modules/CPack.cmake:574 (option):
  Policy CMP0077 is not set: option() honors normal variables.  Run "cmake
  --help-policy CMP0077" for policy details.  Use the cmake_policy command to
  set the policy and suppress this warning.

  For compatibility with older versions of CMake, option is clearing the
  normal variable 'CPACK_BINARY_RPM'.
Call Stack (most recent call first):
  CMakeLists.txt:64 (INCLUDE)
This warning is for project developers.  Use -Wno-dev to suppress it.

CMake Warning (dev) at /usr/share/cmake-3.16/Modules/CPack.cmake:575 (option):
  Policy CMP0077 is not set: option() honors normal variables.  Run "cmake
  --help-policy CMP0077" for policy details.  Use the cmake_policy command to
  set the policy and suppress this warning.

  For compatibility with older versions of CMake, option is clearing the
  normal variable 'CPACK_BINARY_STGZ'.
Call Stack (most recent call first):
  CMakeLists.txt:64 (INCLUDE)
This warning is for project developers.  Use -Wno-dev to suppress it.

CMake Warning (dev) at /usr/share/cmake-3.16/Modules/CPack.cmake:576 (option):
  Policy CMP0077 is not set: option() honors normal variables.  Run "cmake
  --help-policy CMP0077" for policy details.  Use the cmake_policy command to
  set the policy and suppress this warning.

  For compatibility with older versions of CMake, option is clearing the
  normal variable 'CPACK_BINARY_TBZ2'.
Call Stack (most recent call first):
  CMakeLists.txt:64 (INCLUDE)
This warning is for project developers.  Use -Wno-dev to suppress it.

CMake Warning (dev) at /usr/share/cmake-3.16/Modules/CPack.cmake:577 (option):
  Policy CMP0077 is not set: option() honors normal variables.  Run "cmake
  --help-policy CMP0077" for policy details.  Use the cmake_policy command to
  set the policy and suppress this warning.

  For compatibility with older versions of CMake, option is clearing the
  normal variable 'CPACK_BINARY_TGZ'.
Call Stack (most recent call first):
  CMakeLists.txt:64 (INCLUDE)
This warning is for project developers.  Use -Wno-dev to suppress it.

make[3]: warning: jobserver unavailable: using -j1.  Add '+' to parent make rule.
make[3]: warning: jobserver unavailable: using -j1.  Add '+' to parent make rule.
