[35m[1mScanning dependencies of target std_msgs_generate_messages_lisp[0m
[35m[1mScanning dependencies of target actionlib_msgs_generate_messages_py[0m
[35m[1mScanning dependencies of target roscpp_generate_messages_cpp[0m
[35m[1mScanning dependencies of target actionlib_msgs_generate_messages_eus[0m
[35m[1mScanning dependencies of target rosgraph_msgs_generate_messages_eus[0m
[35m[1mScanning dependencies of target roscpp_generate_messages_eus[0m
[35m[1mScanning dependencies of target actionlib_generate_messages_cpp[0m
[35m[1mScanning dependencies of target rosgraph_msgs_generate_messages_nodejs[0m
[35m[1mScanning dependencies of target std_msgs_generate_messages_py[0m
[35m[1mScanning dependencies of target roscpp_generate_messages_py[0m
[35m[1mScanning dependencies of target sensor_msgs_generate_messages_cpp[0m
[35m[1mScanning dependencies of target std_msgs_generate_messages_nodejs[0m
[35m[1mScanning dependencies of target geometry_msgs_generate_messages_eus[0m
[  0%] Built target std_msgs_generate_messages_lisp
[  0%] Built target actionlib_msgs_generate_messages_py
[  0%] Built target rosgraph_msgs_generate_messages_nodejs
[  0%] Built target actionlib_msgs_generate_messages_eus
[  0%] Built target actionlib_generate_messages_cpp
[  0%] Built target rosgraph_msgs_generate_messages_eus
[  0%] Built target roscpp_generate_messages_eus
[  0%] Built target roscpp_generate_messages_cpp
[  0%] Built target roscpp_generate_messages_py
[  0%] Built target sensor_msgs_generate_messages_cpp
[  0%] Built target std_msgs_generate_messages_nodejs
[  0%] Built target geometry_msgs_generate_messages_eus
[  0%] Built target std_msgs_generate_messages_py
[35m[1mScanning dependencies of target libsocket[0m
[35m[1mScanning dependencies of target sensor_msgs_generate_messages_nodejs[0m
[35m[1mScanning dependencies of target geometry_msgs_generate_messages_py[0m
[35m[1mScanning dependencies of target sensor_msgs_generate_messages_eus[0m
[35m[1mScanning dependencies of target sensor_msgs_generate_messages_lisp[0m
[35m[1mScanning dependencies of target tf2_msgs_generate_messages_eus[0m
[35m[1mScanning dependencies of target actionlib_generate_messages_lisp[0m
[35m[1mScanning dependencies of target sensor_msgs_generate_messages_py[0m
[35m[1mScanning dependencies of target roscpp_generate_messages_lisp[0m
[35m[1mScanning dependencies of target rosgraph_msgs_generate_messages_py[0m
[  0%] Built target sensor_msgs_generate_messages_nodejs
[35m[1mScanning dependencies of target geometry_msgs_generate_messages_cpp[0m
[35m[1mScanning dependencies of target tf2_msgs_generate_messages_py[0m
[  4%] [34m[1mCreating directories for 'libsocket'[0m
[35m[1mScanning dependencies of target geometry_msgs_generate_messages_nodejs[0m
[  4%] Built target geometry_msgs_generate_messages_py
[  4%] Built target sensor_msgs_generate_messages_eus
[  4%] Built target actionlib_generate_messages_lisp
[  4%] Built target tf2_msgs_generate_messages_eus
[  4%] Built target sensor_msgs_generate_messages_lisp
[  4%] Built target sensor_msgs_generate_messages_py
[  4%] Built target roscpp_generate_messages_lisp
[  4%] Built target rosgraph_msgs_generate_messages_py
[35m[1mScanning dependencies of target rosgraph_msgs_generate_messages_lisp[0m
[  4%] Built target geometry_msgs_generate_messages_cpp
[35m[1mScanning dependencies of target tf2_msgs_generate_messages_cpp[0m
[35m[1mScanning dependencies of target tf_generate_messages_eus[0m
[35m[1mScanning dependencies of target std_msgs_generate_messages_cpp[0m
[  4%] Built target tf2_msgs_generate_messages_py
[  4%] Built target geometry_msgs_generate_messages_nodejs
[35m[1mScanning dependencies of target geometry_msgs_generate_messages_lisp[0m
[35m[1mScanning dependencies of target roscpp_generate_messages_nodejs[0m
[35m[1mScanning dependencies of target tf_generate_messages_cpp[0m
[35m[1mScanning dependencies of target tf_generate_messages_nodejs[0m
[35m[1mScanning dependencies of target tf_generate_messages_lisp[0m
[35m[1mScanning dependencies of target rosgraph_msgs_generate_messages_cpp[0m
[  4%] Built target std_msgs_generate_messages_cpp
[  4%] Built target tf2_msgs_generate_messages_cpp
[  4%] Built target rosgraph_msgs_generate_messages_lisp
[35m[1mScanning dependencies of target actionlib_generate_messages_eus[0m
[35m[1mScanning dependencies of target actionlib_msgs_generate_messages_cpp[0m
[  4%] Built target tf_generate_messages_eus
[  4%] Built target tf_generate_messages_cpp
[  4%] Built target tf_generate_messages_lisp
[  4%] Built target geometry_msgs_generate_messages_lisp
[  4%] Built target tf_generate_messages_nodejs
[  4%] Built target rosgraph_msgs_generate_messages_cpp
[  4%] Built target roscpp_generate_messages_nodejs
[  4%] Built target actionlib_generate_messages_eus
[35m[1mScanning dependencies of target actionlib_generate_messages_nodejs[0m
[  4%] Built target actionlib_msgs_generate_messages_cpp
[35m[1mScanning dependencies of target actionlib_generate_messages_py[0m
[35m[1mScanning dependencies of target tf_generate_messages_py[0m
[35m[1mScanning dependencies of target actionlib_msgs_generate_messages_nodejs[0m
[35m[1mScanning dependencies of target std_msgs_generate_messages_eus[0m
[35m[1mScanning dependencies of target actionlib_msgs_generate_messages_lisp[0m
[35m[1mScanning dependencies of target tf2_msgs_generate_messages_lisp[0m
[35m[1mScanning dependencies of target tf2_msgs_generate_messages_nodejs[0m
[  4%] Built target actionlib_generate_messages_nodejs
[  4%] Built target std_msgs_generate_messages_eus
[  4%] Built target tf_generate_messages_py
[  4%] Built target actionlib_msgs_generate_messages_lisp
[  4%] Built target actionlib_msgs_generate_messages_nodejs
[  4%] Built target actionlib_generate_messages_py
[  4%] Built target tf2_msgs_generate_messages_nodejs
[35m[1mScanning dependencies of target _simulation_generate_messages_check_deps_VehicleControl[0m
[35m[1mScanning dependencies of target JSON_param_reader[0m
[  4%] Built target tf2_msgs_generate_messages_lisp
[  8%] [34m[1mPerforming download step (git clone) for 'libsocket'[0m
[ 12%] [32mBuilding CXX object CMakeFiles/JSON_param_reader.dir/src/JSON_param_reader.cpp.o[0m
正克隆到 'libsocket'...
[ 12%] Built target _simulation_generate_messages_check_deps_VehicleControl
[35m[1mScanning dependencies of target simulation_generate_messages_lisp[0m
[35m[1mScanning dependencies of target simulation_generate_messages_nodejs[0m
[35m[1mScanning dependencies of target simulation_generate_messages_cpp[0m
[35m[1mScanning dependencies of target simulation_generate_messages_py[0m
[35m[1mScanning dependencies of target simulation_generate_messages_eus[0m
[ 16%] [34m[1mGenerating C++ code from simulation/VehicleControl.msg[0m
[ 20%] [34m[1mGenerating Python from MSG simulation/VehicleControl[0m
[ 24%] [34m[1mGenerating EusLisp code from simulation/VehicleControl.msg[0m
[ 28%] [34m[1mGenerating Lisp code from simulation/VehicleControl.msg[0m
[ 32%] [34m[1mGenerating Javascript code from simulation/VehicleControl.msg[0m
[ 36%] [34m[1mGenerating EusLisp manifest code for simulation[0m
[ 36%] Built target simulation_generate_messages_lisp
[ 36%] Built target simulation_generate_messages_nodejs
[ 36%] Built target simulation_generate_messages_cpp
[ 40%] [34m[1mGenerating Python msg __init__.py for simulation[0m
[ 40%] Built target simulation_generate_messages_py
[ 40%] Built target simulation_generate_messages_eus
[35m[1mScanning dependencies of target simulation_generate_messages[0m
[ 40%] Built target simulation_generate_messages
已经位于 'master'
您的分支与上游分支 'origin/master' 一致。
[ 44%] [34m[1mNo update step for 'libsocket'[0m
[ 48%] [34m[1mNo patch step for 'libsocket'[0m
[ 52%] [34m[1mPerforming configure step for 'libsocket'[0m
-- The C compiler identification is GNU 9.4.0
-- The CXX compiler identification is GNU 9.4.0
-- Check for working C compiler: /usr/bin/cc
-- Check for working C compiler: /usr/bin/cc -- works
-- Detecting C compiler ABI info
-- Detecting C compiler ABI info - done
-- Detecting C compile features
-- Detecting C compile features - done
-- Check for working CXX compiler: /usr/bin/c++
-- Check for working CXX compiler: /usr/bin/c++ -- works
-- Detecting CXX compiler ABI info
-- Detecting CXX compiler ABI info - done
-- Detecting CXX compile features
-- Detecting CXX compile features - done
CMake Warning (dev) at /usr/share/cmake-3.16/Modules/CPack.cmake:569 (option):
  Policy CMP0077 is not set: option() honors normal variables.  Run "cmake
  --help-policy CMP0077" for policy details.  Use the cmake_policy command to
  set the policy and suppress this warning.

  For compatibility with older versions of CMake, option is clearing the
  normal variable 'CPACK_BINARY_TZ'.
Call Stack (most recent call first):
  CMakeLists.txt:64 (INCLUDE)
This warning is for project developers.  Use -Wno-dev to suppress it.

CMake Warning (dev) at /usr/share/cmake-3.16/Modules/CPack.cmake:571 (option):
  Policy CMP0077 is not set: option() honors normal variables.  Run "cmake
  --help-policy CMP0077" for policy details.  Use the cmake_policy command to
  set the policy and suppress this warning.

  For compatibility with older versions of CMake, option is clearing the
  normal variable 'CPACK_BINARY_DEB'.
Call Stack (most recent call first):
  CMakeLists.txt:64 (INCLUDE)
This warning is for project developers.  Use -Wno-dev to suppress it.

CMake Warning (dev) at /usr/share/cmake-3.16/Modules/CPack.cmake:574 (option):
  Policy CMP0077 is not set: option() honors normal variables.  Run "cmake
  --help-policy CMP0077" for policy details.  Use the cmake_policy command to
  set the policy and suppress this warning.

  For compatibility with older versions of CMake, option is clearing the
  normal variable 'CPACK_BINARY_RPM'.
Call Stack (most recent call first):
  CMakeLists.txt:64 (INCLUDE)
This warning is for project developers.  Use -Wno-dev to suppress it.

CMake Warning (dev) at /usr/share/cmake-3.16/Modules/CPack.cmake:575 (option):
  Policy CMP0077 is not set: option() honors normal variables.  Run "cmake
  --help-policy CMP0077" for policy details.  Use the cmake_policy command to
  set the policy and suppress this warning.

  For compatibility with older versions of CMake, option is clearing the
  normal variable 'CPACK_BINARY_STGZ'.
Call Stack (most recent call first):
  CMakeLists.txt:64 (INCLUDE)
This warning is for project developers.  Use -Wno-dev to suppress it.

CMake Warning (dev) at /usr/share/cmake-3.16/Modules/CPack.cmake:576 (option):
  Policy CMP0077 is not set: option() honors normal variables.  Run "cmake
  --help-policy CMP0077" for policy details.  Use the cmake_policy command to
  set the policy and suppress this warning.

  For compatibility with older versions of CMake, option is clearing the
  normal variable 'CPACK_BINARY_TBZ2'.
Call Stack (most recent call first):
  CMakeLists.txt:64 (INCLUDE)
This warning is for project developers.  Use -Wno-dev to suppress it.

CMake Warning (dev) at /usr/share/cmake-3.16/Modules/CPack.cmake:577 (option):
  Policy CMP0077 is not set: option() honors normal variables.  Run "cmake
  --help-policy CMP0077" for policy details.  Use the cmake_policy command to
  set the policy and suppress this warning.

  For compatibility with older versions of CMake, option is clearing the
  normal variable 'CPACK_BINARY_TGZ'.
Call Stack (most recent call first):
  CMakeLists.txt:64 (INCLUDE)
This warning is for project developers.  Use -Wno-dev to suppress it.

-- Configuring done
-- Generating done
-- Build files have been written to: /home/zzy/introtoros_2025-main-project/project/build/simulation/libsocket-prefix/src/libsocket-build
[ 56%] [34m[1mPerforming build step for 'libsocket'[0m
make[3]: 警告: jobserver 不可用: 正使用 -j1。添加 “+” 到父 make 的规则。
[35m[1mScanning dependencies of target socket_o[0m
[  4%] [32mBuilding C object C/CMakeFiles/socket_o.dir/inet/libinetsocket.c.o[0m
[  8%] [32mBuilding C object C/CMakeFiles/socket_o.dir/unix/libunixsocket.c.o[0m
[  8%] Built target socket_o
[35m[1mScanning dependencies of target socket[0m
[ 12%] [32m[1mLinking C shared library libsocket.so[0m
[ 12%] Built target socket
[35m[1mScanning dependencies of target socket_int[0m
[ 16%] [32m[1mLinking C static library libsocket_int.a[0m
[ 16%] Built target socket_int
[35m[1mScanning dependencies of target socket++_o[0m
[ 20%] [32mBuilding CXX object C++/CMakeFiles/socket++_o.dir/dgramclient.cpp.o[0m
[ 25%] [32mBuilding CXX object C++/CMakeFiles/socket++_o.dir/dgramoverstream.cpp.o[0m
[ 60%] [32m[1mLinking CXX executable /home/zzy/introtoros_2025-main-project/project/devel/.private/simulation/lib/simulation/JSON_param_reader[0m
[ 29%] [32mBuilding CXX object C++/CMakeFiles/socket++_o.dir/framing.cpp.o[0m
[ 33%] [32mBuilding CXX object C++/CMakeFiles/socket++_o.dir/inetbase.cpp.o[0m
[ 37%] [32mBuilding CXX object C++/CMakeFiles/socket++_o.dir/inetclientstream.cpp.o[0m
[ 60%] Built target JSON_param_reader
[ 41%] [32mBuilding CXX object C++/CMakeFiles/socket++_o.dir/inetserverdgram.cpp.o[0m
[ 45%] [32mBuilding CXX object C++/CMakeFiles/socket++_o.dir/select.cpp.o[0m
[ 50%] [32mBuilding CXX object C++/CMakeFiles/socket++_o.dir/streamclient.cpp.o[0m
[ 54%] [32mBuilding CXX object C++/CMakeFiles/socket++_o.dir/unixclientdgram.cpp.o[0m
[ 58%] [32mBuilding CXX object C++/CMakeFiles/socket++_o.dir/unixdgram.cpp.o[0m
[ 62%] [32mBuilding CXX object C++/CMakeFiles/socket++_o.dir/unixserverstream.cpp.o[0m
[ 66%] [32mBuilding CXX object C++/CMakeFiles/socket++_o.dir/exception.cpp.o[0m
[ 70%] [32mBuilding CXX object C++/CMakeFiles/socket++_o.dir/inetclientdgram.cpp.o[0m
[ 75%] [32mBuilding CXX object C++/CMakeFiles/socket++_o.dir/inetdgram.cpp.o[0m
[ 79%] [32mBuilding CXX object C++/CMakeFiles/socket++_o.dir/inetserverstream.cpp.o[0m
[ 83%] [32mBuilding CXX object C++/CMakeFiles/socket++_o.dir/socket.cpp.o[0m
[ 87%] [32mBuilding CXX object C++/CMakeFiles/socket++_o.dir/unixbase.cpp.o[0m
[ 91%] [32mBuilding CXX object C++/CMakeFiles/socket++_o.dir/unixclientstream.cpp.o[0m
[ 95%] [32mBuilding CXX object C++/CMakeFiles/socket++_o.dir/unixserverdgram.cpp.o[0m
[ 95%] Built target socket++_o
[35m[1mScanning dependencies of target socket++[0m
[100%] [32m[1mLinking CXX shared library libsocket++.so[0m
[100%] Built target socket++
[ 64%] [34m[1mPerforming install step for 'libsocket'[0m
make[3]: 警告: jobserver 不可用: 正使用 -j1。添加 “+” 到父 make 的规则。
[  8%] Built target socket_o
[ 12%] Built target socket
[ 16%] Built target socket_int
[ 95%] Built target socket++_o
[100%] Built target socket++
[36mInstall the project...[0m
-- Install configuration: "Release"
-- Installing: /home/zzy/introtoros_2025-main-project/project/devel/.private/simulation/lib/libsocket.so
-- Installing: /home/zzy/introtoros_2025-main-project/project/devel/.private/simulation/include/libsocket/unixdgram.hpp
-- Installing: /home/zzy/introtoros_2025-main-project/project/devel/.private/simulation/include/libsocket/exception.hpp
-- Installing: /home/zzy/introtoros_2025-main-project/project/devel/.private/simulation/include/libsocket/inetclientdgram.hpp
-- Installing: /home/zzy/introtoros_2025-main-project/project/devel/.private/simulation/include/libsocket/libinetsocket.h
-- Installing: /home/zzy/introtoros_2025-main-project/project/devel/.private/simulation/include/libsocket/unixserverstream.hpp
-- Installing: /home/zzy/introtoros_2025-main-project/project/devel/.private/simulation/include/libsocket/dgramclient.hpp
-- Installing: /home/zzy/introtoros_2025-main-project/project/devel/.private/simulation/include/libsocket/streamclient.hpp
-- Installing: /home/zzy/introtoros_2025-main-project/project/devel/.private/simulation/include/libsocket/inetserverstream.hpp
-- Installing: /home/zzy/introtoros_2025-main-project/project/devel/.private/simulation/include/libsocket/unixclientdgram.hpp
-- Installing: /home/zzy/introtoros_2025-main-project/project/devel/.private/simulation/include/libsocket/socket.hpp
-- Installing: /home/zzy/introtoros_2025-main-project/project/devel/.private/simulation/include/libsocket/inetbase.hpp
-- Installing: /home/zzy/introtoros_2025-main-project/project/devel/.private/simulation/include/libsocket/inetserverdgram.hpp
-- Installing: /home/zzy/introtoros_2025-main-project/project/devel/.private/simulation/include/libsocket/unixclientstream.hpp
-- Installing: /home/zzy/introtoros_2025-main-project/project/devel/.private/simulation/include/libsocket/libunixsocket.h
-- Installing: /home/zzy/introtoros_2025-main-project/project/devel/.private/simulation/include/libsocket/select.hpp
-- Installing: /home/zzy/introtoros_2025-main-project/project/devel/.private/simulation/include/libsocket/inetclientstream.hpp
-- Installing: /home/zzy/introtoros_2025-main-project/project/devel/.private/simulation/include/libsocket/unixbase.hpp
-- Installing: /home/zzy/introtoros_2025-main-project/project/devel/.private/simulation/include/libsocket/unixserverdgram.hpp
-- Installing: /home/zzy/introtoros_2025-main-project/project/devel/.private/simulation/include/libsocket/inetdgram.hpp
-- Installing: /home/zzy/introtoros_2025-main-project/project/devel/.private/simulation/include/libsocket/dgramoverstream.hpp
-- Installing: /home/zzy/introtoros_2025-main-project/project/devel/.private/simulation/include/libsocket/framing.hpp
-- Installing: /home/zzy/introtoros_2025-main-project/project/devel/.private/simulation/include/libsocket/epoll.hpp
-- Installing: /home/zzy/introtoros_2025-main-project/project/devel/.private/simulation/lib/libsocket++.so
[ 68%] [34m[1mCompleted 'libsocket'[0m
[ 68%] Built target libsocket
[35m[1mScanning dependencies of target ROS_command_transmitter[0m
[35m[1mScanning dependencies of target tcpstreamreader[0m
[ 72%] [32mBuilding CXX object tcpimage/CMakeFiles/tcpstreamreader.dir/TCPStreamReader.cpp.o[0m
[ 76%] [32mBuilding CXX object CMakeFiles/ROS_command_transmitter.dir/src/ROS_command_transmitter.cpp.o[0m
[ 80%] [32m[1mLinking CXX shared library /home/zzy/introtoros_2025-main-project/project/devel/.private/simulation/lib/libtcpstreamreader.so[0m
[ 80%] Built target tcpstreamreader
[35m[1mScanning dependencies of target tcpimage[0m
[ 84%] [32mBuilding CXX object tcpimage/CMakeFiles/tcpimage.dir/TCPImageServer.cpp.o[0m
[ 88%] [32m[1mLinking CXX shared library /home/zzy/introtoros_2025-main-project/project/devel/.private/simulation/lib/libtcpimage.so[0m
[ 88%] Built target tcpimage
[35m[1mScanning dependencies of target unity_TCP_stream_receiver[0m
[ 92%] [32mBuilding CXX object CMakeFiles/unity_TCP_stream_receiver.dir/src/unity_TCP_stream_receiver.cpp.o[0m
[ 96%] [32m[1mLinking CXX executable /home/zzy/introtoros_2025-main-project/project/devel/.private/simulation/lib/simulation/ROS_command_transmitter[0m
[ 96%] Built target ROS_command_transmitter
[100%] [32m[1mLinking CXX executable /home/zzy/introtoros_2025-main-project/project/devel/.private/simulation/lib/simulation/unity_TCP_stream_receiver[0m
[100%] Built target unity_TCP_stream_receiver
