[  0%] Built target rosgraph_msgs_generate_messages_nodejs
[  0%] Built target actionlib_msgs_generate_messages_py
[  0%] Built target roscpp_generate_messages_py
[  0%] Built target std_msgs_generate_messages_py
[  0%] Built target rosgraph_msgs_generate_messages_eus
[  0%] Built target roscpp_generate_messages_eus
[  0%] Built target std_msgs_generate_messages_lisp
[  0%] Built target roscpp_generate_messages_cpp
[  0%] Built target actionlib_generate_messages_cpp
[  0%] Built target sensor_msgs_generate_messages_cpp
[  0%] Built target std_msgs_generate_messages_nodejs
[  0%] Built target actionlib_msgs_generate_messages_eus
[  0%] Built target geometry_msgs_generate_messages_eus
[ 32%] Built target libsocket
[ 32%] Built target sensor_msgs_generate_messages_eus
[ 32%] Built target sensor_msgs_generate_messages_nodejs
[ 32%] Built target sensor_msgs_generate_messages_lisp
[ 32%] Built target tf2_msgs_generate_messages_eus
[ 32%] Built target rosgraph_msgs_generate_messages_py
[ 32%] Built target sensor_msgs_generate_messages_py
[ 32%] Built target geometry_msgs_generate_messages_py
[ 32%] Built target tf2_msgs_generate_messages_py
[ 32%] Built target roscpp_generate_messages_lisp
[ 32%] Built target actionlib_generate_messages_lisp
[ 32%] Built target geometry_msgs_generate_messages_cpp
[ 32%] Built target geometry_msgs_generate_messages_nodejs
[ 32%] Built target rosgraph_msgs_generate_messages_lisp
[ 32%] Built target tf_generate_messages_cpp
[ 32%] Built target std_msgs_generate_messages_cpp
[ 32%] Built target geometry_msgs_generate_messages_lisp
[ 32%] Built target tf2_msgs_generate_messages_cpp
[ 32%] Built target tf_generate_messages_nodejs
[ 32%] Built target tf_generate_messages_eus
[ 32%] Built target roscpp_generate_messages_nodejs
[ 32%] Built target tf_generate_messages_lisp
[ 32%] Built target rosgraph_msgs_generate_messages_cpp
[ 32%] Built target actionlib_generate_messages_eus
[ 32%] Built target actionlib_msgs_generate_messages_cpp
[ 32%] Built target actionlib_generate_messages_nodejs
[ 32%] Built target actionlib_generate_messages_py
[ 32%] Built target tf_generate_messages_py
[ 32%] Built target actionlib_msgs_generate_messages_nodejs
[ 32%] Built target tf2_msgs_generate_messages_nodejs
[ 32%] Built target actionlib_msgs_generate_messages_lisp
[ 32%] Built target std_msgs_generate_messages_eus
[ 40%] Built target tcpstreamreader
[ 40%] Built target tf2_msgs_generate_messages_lisp
[ 48%] Built target JSON_param_reader
[ 56%] Built target tcpimage
[ 64%] Built target ROS_command_transmitter
[ 64%] Built target _simulation_generate_messages_check_deps_VehicleControl
[ 68%] Built target simulation_generate_messages_nodejs
[ 76%] Built target simulation_generate_messages_cpp
[ 80%] Built target simulation_generate_messages_eus
[ 88%] Built target simulation_generate_messages_py
[ 96%] Built target unity_TCP_stream_receiver
[100%] Built target simulation_generate_messages_lisp
[100%] Built target simulation_generate_messages
