Symlinking /home/zzy/introtoros_2025-main-project/project/devel/lib/libsocket++.so
Symlinking /home/zzy/introtoros_2025-main-project/project/devel/lib/libtcpstreamreader.so
Symlinking /home/zzy/introtoros_2025-main-project/project/devel/lib/libsocket.so
Symlinking /home/zzy/introtoros_2025-main-project/project/devel/lib/libtcpimage.so
Symlinking /home/zzy/introtoros_2025-main-project/project/devel/lib/pkgconfig/simulation.pc
Symlinking /home/zzy/introtoros_2025-main-project/project/devel/lib/simulation/ROS_command_transmitter
Symlinking /home/zzy/introtoros_2025-main-project/project/devel/lib/simulation/unity_TCP_stream_receiver
Symlinking /home/zzy/introtoros_2025-main-project/project/devel/lib/simulation/JSON_param_reader
Symlinking /home/zzy/introtoros_2025-main-project/project/devel/lib/python3/dist-packages/simulation/__init__.py
Symlinking /home/zzy/introtoros_2025-main-project/project/devel/lib/python3/dist-packages/simulation/msg/__init__.py
Symlinking /home/zzy/introtoros_2025-main-project/project/devel/lib/python3/dist-packages/simulation/msg/_VehicleControl.py
Symlinking /home/zzy/introtoros_2025-main-project/project/devel/include/simulation/VehicleControl.h
Symlinking /home/zzy/introtoros_2025-main-project/project/devel/include/libsocket/dgramoverstream.hpp
Symlinking /home/zzy/introtoros_2025-main-project/project/devel/include/libsocket/inetserverstream.hpp
Symlinking /home/zzy/introtoros_2025-main-project/project/devel/include/libsocket/unixclientdgram.hpp
Symlinking /home/zzy/introtoros_2025-main-project/project/devel/include/libsocket/socket.hpp
Symlinking /home/zzy/introtoros_2025-main-project/project/devel/include/libsocket/unixclientstream.hpp
Symlinking /home/zzy/introtoros_2025-main-project/project/devel/include/libsocket/unixdgram.hpp
Symlinking /home/zzy/introtoros_2025-main-project/project/devel/include/libsocket/epoll.hpp
Symlinking /home/zzy/introtoros_2025-main-project/project/devel/include/libsocket/framing.hpp
Symlinking /home/zzy/introtoros_2025-main-project/project/devel/include/libsocket/inetclientdgram.hpp
Symlinking /home/zzy/introtoros_2025-main-project/project/devel/include/libsocket/select.hpp
Symlinking /home/zzy/introtoros_2025-main-project/project/devel/include/libsocket/libunixsocket.h
Symlinking /home/zzy/introtoros_2025-main-project/project/devel/include/libsocket/inetbase.hpp
Symlinking /home/zzy/introtoros_2025-main-project/project/devel/include/libsocket/inetdgram.hpp
Symlinking /home/zzy/introtoros_2025-main-project/project/devel/include/libsocket/libinetsocket.h
Symlinking /home/zzy/introtoros_2025-main-project/project/devel/include/libsocket/unixbase.hpp
Symlinking /home/zzy/introtoros_2025-main-project/project/devel/include/libsocket/dgramclient.hpp
Symlinking /home/zzy/introtoros_2025-main-project/project/devel/include/libsocket/inetserverdgram.hpp
Symlinking /home/zzy/introtoros_2025-main-project/project/devel/include/libsocket/exception.hpp
Symlinking /home/zzy/introtoros_2025-main-project/project/devel/include/libsocket/inetclientstream.hpp
Symlinking /home/zzy/introtoros_2025-main-project/project/devel/include/libsocket/unixserverstream.hpp
Symlinking /home/zzy/introtoros_2025-main-project/project/devel/include/libsocket/streamclient.hpp
Symlinking /home/zzy/introtoros_2025-main-project/project/devel/include/libsocket/unixserverdgram.hpp
Symlinking /home/zzy/introtoros_2025-main-project/project/devel/share/simulation/cmake/simulationConfig.cmake
Symlinking /home/zzy/introtoros_2025-main-project/project/devel/share/simulation/cmake/simulation-msg-extras.cmake
Symlinking /home/zzy/introtoros_2025-main-project/project/devel/share/simulation/cmake/simulationConfig-version.cmake
Symlinking /home/zzy/introtoros_2025-main-project/project/devel/share/simulation/cmake/simulation-msg-paths.cmake
Symlinking /home/zzy/introtoros_2025-main-project/project/devel/share/common-lisp/ros/simulation/msg/_package_VehicleControl.lisp
Symlinking /home/zzy/introtoros_2025-main-project/project/devel/share/common-lisp/ros/simulation/msg/_package.lisp
Symlinking /home/zzy/introtoros_2025-main-project/project/devel/share/common-lisp/ros/simulation/msg/simulation-msg.asd
Symlinking /home/zzy/introtoros_2025-main-project/project/devel/share/common-lisp/ros/simulation/msg/VehicleControl.lisp
Symlinking /home/zzy/introtoros_2025-main-project/project/devel/share/roseus/ros/simulation/manifest.l
Symlinking /home/zzy/introtoros_2025-main-project/project/devel/share/roseus/ros/simulation/msg/VehicleControl.l
Symlinking /home/zzy/introtoros_2025-main-project/project/devel/share/gennodejs/ros/simulation/_index.js
Symlinking /home/zzy/introtoros_2025-main-project/project/devel/share/gennodejs/ros/simulation/msg/_index.js
Symlinking /home/zzy/introtoros_2025-main-project/project/devel/share/gennodejs/ros/simulation/msg/VehicleControl.js
