Linked: (/home/youran/Desktop/introtoros_2025/project/devel/.private/simulation/lib/libsocket.so, /home/youran/Desktop/introtoros_2025/project/devel/lib/libsocket.so)
Linked: (/home/youran/Desktop/introtoros_2025/project/devel/.private/simulation/lib/libtcpstreamreader.so, /home/youran/Desktop/introtoros_2025/project/devel/lib/libtcpstreamreader.so)
Linked: (/home/youran/Desktop/introtoros_2025/project/devel/.private/simulation/lib/libsocket++.so, /home/youran/Desktop/introtoros_2025/project/devel/lib/libsocket++.so)
Linked: (/home/youran/Desktop/introtoros_2025/project/devel/.private/simulation/lib/libtcpimage.so, /home/youran/Desktop/introtoros_2025/project/devel/lib/libtcpimage.so)
Linked: (/home/youran/Desktop/introtoros_2025/project/devel/.private/simulation/lib/simulation/JSON_param_reader, /home/youran/Desktop/introtoros_2025/project/devel/lib/simulation/JSON_param_reader)
Linked: (/home/youran/Desktop/introtoros_2025/project/devel/.private/simulation/lib/simulation/ROS_command_transmitter, /home/youran/Desktop/introtoros_2025/project/devel/lib/simulation/ROS_command_transmitter)
Linked: (/home/youran/Desktop/introtoros_2025/project/devel/.private/simulation/lib/simulation/unity_TCP_stream_receiver, /home/youran/Desktop/introtoros_2025/project/devel/lib/simulation/unity_TCP_stream_receiver)
Linked: (/home/youran/Desktop/introtoros_2025/project/devel/.private/simulation/lib/pkgconfig/simulation.pc, /home/youran/Desktop/introtoros_2025/project/devel/lib/pkgconfig/simulation.pc)
Linked: (/home/youran/Desktop/introtoros_2025/project/devel/.private/simulation/lib/python3/dist-packages/simulation/__init__.py, /home/youran/Desktop/introtoros_2025/project/devel/lib/python3/dist-packages/simulation/__init__.py)
Linked: (/home/youran/Desktop/introtoros_2025/project/devel/.private/simulation/lib/python3/dist-packages/simulation/msg/__init__.py, /home/youran/Desktop/introtoros_2025/project/devel/lib/python3/dist-packages/simulation/msg/__init__.py)
Linked: (/home/youran/Desktop/introtoros_2025/project/devel/.private/simulation/lib/python3/dist-packages/simulation/msg/_VehicleControl.py, /home/youran/Desktop/introtoros_2025/project/devel/lib/python3/dist-packages/simulation/msg/_VehicleControl.py)
Linked: (/home/youran/Desktop/introtoros_2025/project/devel/.private/simulation/share/common-lisp/ros/simulation/msg/VehicleControl.lisp, /home/youran/Desktop/introtoros_2025/project/devel/share/common-lisp/ros/simulation/msg/VehicleControl.lisp)
Linked: (/home/youran/Desktop/introtoros_2025/project/devel/.private/simulation/share/common-lisp/ros/simulation/msg/_package_VehicleControl.lisp, /home/youran/Desktop/introtoros_2025/project/devel/share/common-lisp/ros/simulation/msg/_package_VehicleControl.lisp)
Linked: (/home/youran/Desktop/introtoros_2025/project/devel/.private/simulation/share/common-lisp/ros/simulation/msg/simulation-msg.asd, /home/youran/Desktop/introtoros_2025/project/devel/share/common-lisp/ros/simulation/msg/simulation-msg.asd)
Linked: (/home/youran/Desktop/introtoros_2025/project/devel/.private/simulation/share/common-lisp/ros/simulation/msg/_package.lisp, /home/youran/Desktop/introtoros_2025/project/devel/share/common-lisp/ros/simulation/msg/_package.lisp)
Linked: (/home/youran/Desktop/introtoros_2025/project/devel/.private/simulation/share/simulation/cmake/simulation-msg-paths.cmake, /home/youran/Desktop/introtoros_2025/project/devel/share/simulation/cmake/simulation-msg-paths.cmake)
Linked: (/home/youran/Desktop/introtoros_2025/project/devel/.private/simulation/share/simulation/cmake/simulationConfig.cmake, /home/youran/Desktop/introtoros_2025/project/devel/share/simulation/cmake/simulationConfig.cmake)
Linked: (/home/youran/Desktop/introtoros_2025/project/devel/.private/simulation/share/simulation/cmake/simulationConfig-version.cmake, /home/youran/Desktop/introtoros_2025/project/devel/share/simulation/cmake/simulationConfig-version.cmake)
Linked: (/home/youran/Desktop/introtoros_2025/project/devel/.private/simulation/share/simulation/cmake/simulation-msg-extras.cmake, /home/youran/Desktop/introtoros_2025/project/devel/share/simulation/cmake/simulation-msg-extras.cmake)
Linked: (/home/youran/Desktop/introtoros_2025/project/devel/.private/simulation/share/roseus/ros/simulation/manifest.l, /home/youran/Desktop/introtoros_2025/project/devel/share/roseus/ros/simulation/manifest.l)
Linked: (/home/youran/Desktop/introtoros_2025/project/devel/.private/simulation/share/roseus/ros/simulation/msg/VehicleControl.l, /home/youran/Desktop/introtoros_2025/project/devel/share/roseus/ros/simulation/msg/VehicleControl.l)
Linked: (/home/youran/Desktop/introtoros_2025/project/devel/.private/simulation/share/gennodejs/ros/simulation/_index.js, /home/youran/Desktop/introtoros_2025/project/devel/share/gennodejs/ros/simulation/_index.js)
Linked: (/home/youran/Desktop/introtoros_2025/project/devel/.private/simulation/share/gennodejs/ros/simulation/msg/_index.js, /home/youran/Desktop/introtoros_2025/project/devel/share/gennodejs/ros/simulation/msg/_index.js)
Linked: (/home/youran/Desktop/introtoros_2025/project/devel/.private/simulation/share/gennodejs/ros/simulation/msg/VehicleControl.js, /home/youran/Desktop/introtoros_2025/project/devel/share/gennodejs/ros/simulation/msg/VehicleControl.js)
Linked: (/home/youran/Desktop/introtoros_2025/project/devel/.private/simulation/include/simulation/VehicleControl.h, /home/youran/Desktop/introtoros_2025/project/devel/include/simulation/VehicleControl.h)
Linked: (/home/youran/Desktop/introtoros_2025/project/devel/.private/simulation/include/libsocket/inetdgram.hpp, /home/youran/Desktop/introtoros_2025/project/devel/include/libsocket/inetdgram.hpp)
Linked: (/home/youran/Desktop/introtoros_2025/project/devel/.private/simulation/include/libsocket/exception.hpp, /home/youran/Desktop/introtoros_2025/project/devel/include/libsocket/exception.hpp)
Linked: (/home/youran/Desktop/introtoros_2025/project/devel/.private/simulation/include/libsocket/unixclientstream.hpp, /home/youran/Desktop/introtoros_2025/project/devel/include/libsocket/unixclientstream.hpp)
Linked: (/home/youran/Desktop/introtoros_2025/project/devel/.private/simulation/include/libsocket/streamclient.hpp, /home/youran/Desktop/introtoros_2025/project/devel/include/libsocket/streamclient.hpp)
Linked: (/home/youran/Desktop/introtoros_2025/project/devel/.private/simulation/include/libsocket/inetclientstream.hpp, /home/youran/Desktop/introtoros_2025/project/devel/include/libsocket/inetclientstream.hpp)
Linked: (/home/youran/Desktop/introtoros_2025/project/devel/.private/simulation/include/libsocket/unixdgram.hpp, /home/youran/Desktop/introtoros_2025/project/devel/include/libsocket/unixdgram.hpp)
Linked: (/home/youran/Desktop/introtoros_2025/project/devel/.private/simulation/include/libsocket/dgramclient.hpp, /home/youran/Desktop/introtoros_2025/project/devel/include/libsocket/dgramclient.hpp)
Linked: (/home/youran/Desktop/introtoros_2025/project/devel/.private/simulation/include/libsocket/epoll.hpp, /home/youran/Desktop/introtoros_2025/project/devel/include/libsocket/epoll.hpp)
Linked: (/home/youran/Desktop/introtoros_2025/project/devel/.private/simulation/include/libsocket/unixclientdgram.hpp, /home/youran/Desktop/introtoros_2025/project/devel/include/libsocket/unixclientdgram.hpp)
Linked: (/home/youran/Desktop/introtoros_2025/project/devel/.private/simulation/include/libsocket/inetclientdgram.hpp, /home/youran/Desktop/introtoros_2025/project/devel/include/libsocket/inetclientdgram.hpp)
Linked: (/home/youran/Desktop/introtoros_2025/project/devel/.private/simulation/include/libsocket/unixserverdgram.hpp, /home/youran/Desktop/introtoros_2025/project/devel/include/libsocket/unixserverdgram.hpp)
Linked: (/home/youran/Desktop/introtoros_2025/project/devel/.private/simulation/include/libsocket/unixbase.hpp, /home/youran/Desktop/introtoros_2025/project/devel/include/libsocket/unixbase.hpp)
Linked: (/home/youran/Desktop/introtoros_2025/project/devel/.private/simulation/include/libsocket/framing.hpp, /home/youran/Desktop/introtoros_2025/project/devel/include/libsocket/framing.hpp)
Linked: (/home/youran/Desktop/introtoros_2025/project/devel/.private/simulation/include/libsocket/dgramoverstream.hpp, /home/youran/Desktop/introtoros_2025/project/devel/include/libsocket/dgramoverstream.hpp)
Linked: (/home/youran/Desktop/introtoros_2025/project/devel/.private/simulation/include/libsocket/inetserverdgram.hpp, /home/youran/Desktop/introtoros_2025/project/devel/include/libsocket/inetserverdgram.hpp)
Linked: (/home/youran/Desktop/introtoros_2025/project/devel/.private/simulation/include/libsocket/unixserverstream.hpp, /home/youran/Desktop/introtoros_2025/project/devel/include/libsocket/unixserverstream.hpp)
Linked: (/home/youran/Desktop/introtoros_2025/project/devel/.private/simulation/include/libsocket/inetserverstream.hpp, /home/youran/Desktop/introtoros_2025/project/devel/include/libsocket/inetserverstream.hpp)
Linked: (/home/youran/Desktop/introtoros_2025/project/devel/.private/simulation/include/libsocket/socket.hpp, /home/youran/Desktop/introtoros_2025/project/devel/include/libsocket/socket.hpp)
Linked: (/home/youran/Desktop/introtoros_2025/project/devel/.private/simulation/include/libsocket/libinetsocket.h, /home/youran/Desktop/introtoros_2025/project/devel/include/libsocket/libinetsocket.h)
Linked: (/home/youran/Desktop/introtoros_2025/project/devel/.private/simulation/include/libsocket/libunixsocket.h, /home/youran/Desktop/introtoros_2025/project/devel/include/libsocket/libunixsocket.h)
Linked: (/home/youran/Desktop/introtoros_2025/project/devel/.private/simulation/include/libsocket/select.hpp, /home/youran/Desktop/introtoros_2025/project/devel/include/libsocket/select.hpp)
Linked: (/home/youran/Desktop/introtoros_2025/project/devel/.private/simulation/include/libsocket/inetbase.hpp, /home/youran/Desktop/introtoros_2025/project/devel/include/libsocket/inetbase.hpp)
