[  0%] Built target msg_interfaces_generate_messages_py
[  0%] Built target nav_msgs_generate_messages_eus
[  0%] Built target geometry_msgs_generate_messages_eus
[  0%] Built target std_msgs_generate_messages_nodejs
[  0%] Built target std_msgs_generate_messages_py
[  0%] Built target nav_msgs_generate_messages_nodejs
[  0%] Built target rosgraph_msgs_generate_messages_lisp
[  0%] Built target actionlib_msgs_generate_messages_eus
[  0%] Built target std_msgs_generate_messages_cpp
[  0%] Built target tf2_msgs_generate_messages_cpp
[  0%] Built target actionlib_msgs_generate_messages_py
[  0%] Built target actionlib_generate_messages_cpp
[  0%] Built target roscpp_generate_messages_lisp
[  0%] Built target actionlib_generate_messages_lisp
[  0%] Built target std_msgs_generate_messages_lisp
[  0%] Built target roscpp_generate_messages_py
[  0%] Built target rosgraph_msgs_generate_messages_py
[  0%] Built target simulation_generate_messages_py
[  0%] Built target nav_msgs_generate_messages_lisp
[  0%] Built target nav_msgs_generate_messages_cpp
[  0%] Built target rosgraph_msgs_generate_messages_eus
[  0%] Built target simulation_generate_messages_cpp
[  0%] Built target geometry_msgs_generate_messages_py
[  0%] Built target nav_msgs_generate_messages_py
[  0%] Built target roscpp_generate_messages_cpp
[  0%] Built target roscpp_generate_messages_eus
[  0%] Built target tf2_msgs_generate_messages_eus
[  0%] Built target geometry_msgs_generate_messages_nodejs
[  0%] Built target simulation_generate_messages_lisp
[  0%] Built target geometry_msgs_generate_messages_cpp
[  0%] Built target tf2_msgs_generate_messages_py
[  0%] Built target geometry_msgs_generate_messages_lisp
[  0%] Built target msg_interfaces_generate_messages_cpp
[  0%] Built target msg_interfaces_generate_messages_lisp
[  0%] Built target actionlib_msgs_generate_messages_cpp
[  0%] Built target rosgraph_msgs_generate_messages_cpp
[  0%] Built target actionlib_generate_messages_eus
[  0%] Built target actionlib_msgs_generate_messages_lisp
[  0%] Built target std_msgs_generate_messages_eus
[  0%] Built target actionlib_msgs_generate_messages_nodejs
[  0%] Built target actionlib_generate_messages_py
[  0%] Built target tf2_msgs_generate_messages_lisp
[  0%] Built target tf2_msgs_generate_messages_nodejs
[  0%] Built target actionlib_generate_messages_nodejs
[  0%] Built target simulation_generate_messages_eus
[  0%] Built target simulation_generate_messages_nodejs
[  0%] Built target roscpp_generate_messages_nodejs
[  0%] Built target msg_interfaces_generate_messages_eus
[  0%] Built target msg_interfaces_generate_messages_nodejs
[  0%] Built target rosgraph_msgs_generate_messages_nodejs
[100%] Built target control_node
[36mInstall the project...[0m
-- Install configuration: "Release"
-- Up-to-date: /home/zzy/introtoros_2025-main-project/project/install/_setup_util.py
-- Up-to-date: /home/zzy/introtoros_2025-main-project/project/install/env.sh
-- Up-to-date: /home/zzy/introtoros_2025-main-project/project/install/setup.bash
-- Up-to-date: /home/zzy/introtoros_2025-main-project/project/install/local_setup.bash
-- Up-to-date: /home/zzy/introtoros_2025-main-project/project/install/setup.sh
-- Up-to-date: /home/zzy/introtoros_2025-main-project/project/install/local_setup.sh
-- Up-to-date: /home/zzy/introtoros_2025-main-project/project/install/setup.zsh
-- Up-to-date: /home/zzy/introtoros_2025-main-project/project/install/local_setup.zsh
-- Up-to-date: /home/zzy/introtoros_2025-main-project/project/install/setup.fish
-- Up-to-date: /home/zzy/introtoros_2025-main-project/project/install/local_setup.fish
-- Up-to-date: /home/zzy/introtoros_2025-main-project/project/install/.rosinstall
-- Up-to-date: /home/zzy/introtoros_2025-main-project/project/install/lib/pkgconfig/control_package.pc
-- Up-to-date: /home/zzy/introtoros_2025-main-project/project/install/share/control_package/cmake/control_packageConfig.cmake
-- Up-to-date: /home/zzy/introtoros_2025-main-project/project/install/share/control_package/cmake/control_packageConfig-version.cmake
-- Up-to-date: /home/zzy/introtoros_2025-main-project/project/install/share/control_package/package.xml
-- Up-to-date: /home/zzy/introtoros_2025-main-project/project/install/lib/control_package/control_node
-- Up-to-date: /home/zzy/introtoros_2025-main-project/project/install/share/control_package
-- Up-to-date: /home/zzy/introtoros_2025-main-project/project/install/share/control_package/control.launch
-- Up-to-date: /home/zzy/introtoros_2025-main-project/project/install/share/control_package
-- Up-to-date: /home/zzy/introtoros_2025-main-project/project/install/share/control_package/control_params.yaml
-- Up-to-date: /home/zzy/introtoros_2025-main-project/project/install/lib/pkgconfig/control_package.pc
-- Up-to-date: /home/zzy/introtoros_2025-main-project/project/install/share/control_package/cmake/control_packageConfig.cmake
-- Up-to-date: /home/zzy/introtoros_2025-main-project/project/install/share/control_package/cmake/control_packageConfig-version.cmake
-- Up-to-date: /home/zzy/introtoros_2025-main-project/project/install/share/control_package/package.xml
