[36m--[0m Using CATKIN_DEVEL_PREFIX: /home/zzy/introtoros_2025-main-project/project/devel/.private/msg_interfaces
[36m--[0m Using CMAKE_PREFIX_PATH: /home/zzy/introtoros_2025-main-project/project/devel;/home/zzy/ros_ws/devel;/opt/ros/noetic
[36m--[0m This workspace overlays: /home/zzy/introtoros_2025-main-project/project/devel;/home/zzy/ros_ws/devel;/opt/ros/noetic
[36m--[0m Found PythonInterp: /usr/bin/python3 (found suitable version "3.8.10", minimum required is "3")
[36m--[0m Using PYTHON_EXECUTABLE: /usr/bin/python3
[36m--[0m Using Debian Python package layout
[36m--[0m Using empy: /usr/lib/python3/dist-packages/em.py
[36m--[0m Using CATKIN_ENABLE_TESTING: ON
[36m--[0m Call enable_testing()
[36m--[0m Using CATKIN_TEST_RESULTS_DIR: /home/zzy/introtoros_2025-main-project/project/build/msg_interfaces/test_results
[36m--[0m Forcing gtest/gmock from source, though one was otherwise available.
[36m--[0m Found gtest sources under '/usr/src/googletest': gtests will be built
[36m--[0m Found gmock sources under '/usr/src/googletest': gmock will be built
[36m--[0m Found PythonInterp: /usr/bin/python3 (found version "3.8.10")
[36m--[0m Using Python nosetests: /usr/bin/nosetests3
[36m--[0m catkin 0.8.11
[36m--[0m BUILD_SHARED_LIBS is on
[36m--[0m Using these message generators: gencpp;geneus;genlisp;gennodejs;genpy
[31m[1mCMake Error[0m at /opt/ros/noetic/share/catkin/cmake/assert.cmake:20 (message):


  Assertion failed: file
  '/home/zzy/introtoros_2025-main-project/project/src/msg_interfaces/msg/Message1.msg'
  does not exist.  Message: message file not found

[36mCall Stack (most recent call first):[0m
  /opt/ros/noetic/share/genmsg/cmake/genmsg-extras.cmake:113 (assert_file_exists)
  CMakeLists.txt:53 (add_message_files)


[36m--[0m Configuring incomplete, errors occurred!
See also "/home/zzy/introtoros_2025-main-project/project/build/msg_interfaces/CMakeFiles/CMakeOutput.log".
See also "/home/zzy/introtoros_2025-main-project/project/build/msg_interfaces/CMakeFiles/CMakeError.log".
make: *** [Makefile:600：cmake_check_build_system] 错误 1
