[35m[1mScanning dependencies of target _msg_interfaces_generate_messages_check_deps_Trajectory[0m
[35m[1mScanning dependencies of target std_msgs_generate_messages_cpp[0m
[35m[1mScanning dependencies of target geometry_msgs_generate_messages_nodejs[0m
[35m[1mScanning dependencies of target std_msgs_generate_messages_nodejs[0m
[35m[1mScanning dependencies of target std_msgs_generate_messages_py[0m
[35m[1mScanning dependencies of target geometry_msgs_generate_messages_cpp[0m
[35m[1mScanning dependencies of target std_msgs_generate_messages_eus[0m
[35m[1mScanning dependencies of target geometry_msgs_generate_messages_py[0m
[35m[1mScanning dependencies of target geometry_msgs_generate_messages_eus[0m
[35m[1mScanning dependencies of target geometry_msgs_generate_messages_lisp[0m
[35m[1mScanning dependencies of target std_msgs_generate_messages_lisp[0m
[  0%] Built target std_msgs_generate_messages_cpp
[  0%] Built target geometry_msgs_generate_messages_nodejs
[  0%] Built target geometry_msgs_generate_messages_cpp
[  0%] Built target _msg_interfaces_generate_messages_check_deps_Trajectory
[  0%] Built target std_msgs_generate_messages_py
[  0%] Built target geometry_msgs_generate_messages_py
[  0%] Built target std_msgs_generate_messages_nodejs
[  0%] Built target std_msgs_generate_messages_lisp
[  0%] Built target geometry_msgs_generate_messages_lisp
[  0%] Built target geometry_msgs_generate_messages_eus
[35m[1mScanning dependencies of target msg_interfaces_generate_messages_cpp[0m
[  0%] Built target std_msgs_generate_messages_eus
[35m[1mScanning dependencies of target msg_interfaces_generate_messages_py[0m
[35m[1mScanning dependencies of target msg_interfaces_generate_messages_nodejs[0m
[35m[1mScanning dependencies of target msg_interfaces_generate_messages_lisp[0m
[35m[1mScanning dependencies of target msg_interfaces_generate_messages_eus[0m
[ 14%] [34m[1mGenerating Python from MSG msg_interfaces/Trajectory[0m
[ 28%] [34m[1mGenerating C++ code from msg_interfaces/Trajectory.msg[0m
[ 42%] [34m[1mGenerating Javascript code from msg_interfaces/Trajectory.msg[0m
[ 57%] [34m[1mGenerating Lisp code from msg_interfaces/Trajectory.msg[0m
[ 71%] [34m[1mGenerating EusLisp code from msg_interfaces/Trajectory.msg[0m
[ 85%] [34m[1mGenerating EusLisp manifest code for msg_interfaces[0m
[ 85%] Built target msg_interfaces_generate_messages_nodejs
[ 85%] Built target msg_interfaces_generate_messages_lisp
[ 85%] Built target msg_interfaces_generate_messages_cpp
[100%] [34m[1mGenerating Python msg __init__.py for msg_interfaces[0m
[100%] Built target msg_interfaces_generate_messages_py
[100%] Built target msg_interfaces_generate_messages_eus
[35m[1mScanning dependencies of target msg_interfaces_generate_messages[0m
[100%] Built target msg_interfaces_generate_messages
