Symlinking /home/zzy/introtoros_2025-main-project/project/devel/lib/pkgconfig/msg_interfaces.pc
Symlinking /home/zzy/introtoros_2025-main-project/project/devel/lib/python3/dist-packages/msg_interfaces/__init__.py
Symlinking /home/zzy/introtoros_2025-main-project/project/devel/lib/python3/dist-packages/msg_interfaces/msg/__init__.py
Symlinking /home/zzy/introtoros_2025-main-project/project/devel/lib/python3/dist-packages/msg_interfaces/msg/_Trajectory.py
Symlinking /home/zzy/introtoros_2025-main-project/project/devel/include/msg_interfaces/Trajectory.h
Symlinking /home/zzy/introtoros_2025-main-project/project/devel/share/msg_interfaces/cmake/msg_interfacesConfig-version.cmake
Symlinking /home/zzy/introtoros_2025-main-project/project/devel/share/msg_interfaces/cmake/msg_interfaces-msg-paths.cmake
Symlinking /home/zzy/introtoros_2025-main-project/project/devel/share/msg_interfaces/cmake/msg_interfacesConfig.cmake
Symlinking /home/zzy/introtoros_2025-main-project/project/devel/share/msg_interfaces/cmake/msg_interfaces-msg-extras.cmake
Symlinking /home/zzy/introtoros_2025-main-project/project/devel/share/common-lisp/ros/msg_interfaces/msg/_package_Trajectory.lisp
Symlinking /home/zzy/introtoros_2025-main-project/project/devel/share/common-lisp/ros/msg_interfaces/msg/_package.lisp
Symlinking /home/zzy/introtoros_2025-main-project/project/devel/share/common-lisp/ros/msg_interfaces/msg/msg_interfaces-msg.asd
Symlinking /home/zzy/introtoros_2025-main-project/project/devel/share/common-lisp/ros/msg_interfaces/msg/Trajectory.lisp
Symlinking /home/zzy/introtoros_2025-main-project/project/devel/share/roseus/ros/msg_interfaces/manifest.l
Symlinking /home/zzy/introtoros_2025-main-project/project/devel/share/roseus/ros/msg_interfaces/msg/Trajectory.l
Symlinking /home/zzy/introtoros_2025-main-project/project/devel/share/gennodejs/ros/msg_interfaces/_index.js
Symlinking /home/zzy/introtoros_2025-main-project/project/devel/share/gennodejs/ros/msg_interfaces/msg/_index.js
Symlinking /home/zzy/introtoros_2025-main-project/project/devel/share/gennodejs/ros/msg_interfaces/msg/Trajectory.js
Cleaning: (/home/youran/Desktop/introtoros_2025/project/devel/.private/msg_interfaces/lib/pkgconfig/msg_interfaces.pc, /home/youran/Desktop/introtoros_2025/project/devel/lib/pkgconfig/msg_interfaces.pc)
Cleaning: (/home/youran/Desktop/introtoros_2025/project/devel/.private/msg_interfaces/lib/python3/dist-packages/msg_interfaces/__init__.py, /home/youran/Desktop/introtoros_2025/project/devel/lib/python3/dist-packages/msg_interfaces/__init__.py)
Cleaning: (/home/youran/Desktop/introtoros_2025/project/devel/.private/msg_interfaces/lib/python3/dist-packages/msg_interfaces/msg/__init__.py, /home/youran/Desktop/introtoros_2025/project/devel/lib/python3/dist-packages/msg_interfaces/msg/__init__.py)
Cleaning: (/home/youran/Desktop/introtoros_2025/project/devel/.private/msg_interfaces/lib/python3/dist-packages/msg_interfaces/msg/_Trajectory.py, /home/youran/Desktop/introtoros_2025/project/devel/lib/python3/dist-packages/msg_interfaces/msg/_Trajectory.py)
Cleaning: (/home/youran/Desktop/introtoros_2025/project/devel/.private/msg_interfaces/share/common-lisp/ros/msg_interfaces/msg/msg_interfaces-msg.asd, /home/youran/Desktop/introtoros_2025/project/devel/share/common-lisp/ros/msg_interfaces/msg/msg_interfaces-msg.asd)
Cleaning: (/home/youran/Desktop/introtoros_2025/project/devel/.private/msg_interfaces/share/common-lisp/ros/msg_interfaces/msg/Trajectory.lisp, /home/youran/Desktop/introtoros_2025/project/devel/share/common-lisp/ros/msg_interfaces/msg/Trajectory.lisp)
Cleaning: (/home/youran/Desktop/introtoros_2025/project/devel/.private/msg_interfaces/share/common-lisp/ros/msg_interfaces/msg/_package.lisp, /home/youran/Desktop/introtoros_2025/project/devel/share/common-lisp/ros/msg_interfaces/msg/_package.lisp)
Cleaning: (/home/youran/Desktop/introtoros_2025/project/devel/.private/msg_interfaces/share/common-lisp/ros/msg_interfaces/msg/_package_Trajectory.lisp, /home/youran/Desktop/introtoros_2025/project/devel/share/common-lisp/ros/msg_interfaces/msg/_package_Trajectory.lisp)
Cleaning: (/home/youran/Desktop/introtoros_2025/project/devel/.private/msg_interfaces/share/roseus/ros/msg_interfaces/manifest.l, /home/youran/Desktop/introtoros_2025/project/devel/share/roseus/ros/msg_interfaces/manifest.l)
Cleaning: (/home/youran/Desktop/introtoros_2025/project/devel/.private/msg_interfaces/share/roseus/ros/msg_interfaces/msg/Trajectory.l, /home/youran/Desktop/introtoros_2025/project/devel/share/roseus/ros/msg_interfaces/msg/Trajectory.l)
Cleaning: (/home/youran/Desktop/introtoros_2025/project/devel/.private/msg_interfaces/share/msg_interfaces/cmake/msg_interfacesConfig.cmake, /home/youran/Desktop/introtoros_2025/project/devel/share/msg_interfaces/cmake/msg_interfacesConfig.cmake)
Cleaning: (/home/youran/Desktop/introtoros_2025/project/devel/.private/msg_interfaces/share/msg_interfaces/cmake/msg_interfaces-msg-paths.cmake, /home/youran/Desktop/introtoros_2025/project/devel/share/msg_interfaces/cmake/msg_interfaces-msg-paths.cmake)
Cleaning: (/home/youran/Desktop/introtoros_2025/project/devel/.private/msg_interfaces/share/msg_interfaces/cmake/msg_interfaces-msg-extras.cmake, /home/youran/Desktop/introtoros_2025/project/devel/share/msg_interfaces/cmake/msg_interfaces-msg-extras.cmake)
Cleaning: (/home/youran/Desktop/introtoros_2025/project/devel/.private/msg_interfaces/share/msg_interfaces/cmake/msg_interfacesConfig-version.cmake, /home/youran/Desktop/introtoros_2025/project/devel/share/msg_interfaces/cmake/msg_interfacesConfig-version.cmake)
Cleaning: (/home/youran/Desktop/introtoros_2025/project/devel/.private/msg_interfaces/share/gennodejs/ros/msg_interfaces/_index.js, /home/youran/Desktop/introtoros_2025/project/devel/share/gennodejs/ros/msg_interfaces/_index.js)
Cleaning: (/home/youran/Desktop/introtoros_2025/project/devel/.private/msg_interfaces/share/gennodejs/ros/msg_interfaces/msg/_index.js, /home/youran/Desktop/introtoros_2025/project/devel/share/gennodejs/ros/msg_interfaces/msg/_index.js)
Cleaning: (/home/youran/Desktop/introtoros_2025/project/devel/.private/msg_interfaces/share/gennodejs/ros/msg_interfaces/msg/Trajectory.js, /home/youran/Desktop/introtoros_2025/project/devel/share/gennodejs/ros/msg_interfaces/msg/Trajectory.js)
Cleaning: (/home/youran/Desktop/introtoros_2025/project/devel/.private/msg_interfaces/include/msg_interfaces/Trajectory.h, /home/youran/Desktop/introtoros_2025/project/devel/include/msg_interfaces/Trajectory.h)
Unlinking: /home/youran/Desktop/introtoros_2025/project/devel/lib/pkgconfig/msg_interfaces.pc
Already unlinked: {}
Unlinking: /home/youran/Desktop/introtoros_2025/project/devel/lib/python3/dist-packages/msg_interfaces/__init__.py
Already unlinked: {}
Unlinking: /home/youran/Desktop/introtoros_2025/project/devel/lib/python3/dist-packages/msg_interfaces/msg/__init__.py
Already unlinked: {}
Unlinking: /home/youran/Desktop/introtoros_2025/project/devel/lib/python3/dist-packages/msg_interfaces/msg/_Trajectory.py
Already unlinked: {}
Unlinking: /home/youran/Desktop/introtoros_2025/project/devel/share/common-lisp/ros/msg_interfaces/msg/msg_interfaces-msg.asd
Already unlinked: {}
Unlinking: /home/youran/Desktop/introtoros_2025/project/devel/share/common-lisp/ros/msg_interfaces/msg/Trajectory.lisp
Already unlinked: {}
Unlinking: /home/youran/Desktop/introtoros_2025/project/devel/share/common-lisp/ros/msg_interfaces/msg/_package.lisp
Already unlinked: {}
Unlinking: /home/youran/Desktop/introtoros_2025/project/devel/share/common-lisp/ros/msg_interfaces/msg/_package_Trajectory.lisp
Already unlinked: {}
Unlinking: /home/youran/Desktop/introtoros_2025/project/devel/share/roseus/ros/msg_interfaces/manifest.l
Already unlinked: {}
Unlinking: /home/youran/Desktop/introtoros_2025/project/devel/share/roseus/ros/msg_interfaces/msg/Trajectory.l
Already unlinked: {}
Unlinking: /home/youran/Desktop/introtoros_2025/project/devel/share/msg_interfaces/cmake/msg_interfacesConfig.cmake
Already unlinked: {}
Unlinking: /home/youran/Desktop/introtoros_2025/project/devel/share/msg_interfaces/cmake/msg_interfaces-msg-paths.cmake
Already unlinked: {}
Unlinking: /home/youran/Desktop/introtoros_2025/project/devel/share/msg_interfaces/cmake/msg_interfaces-msg-extras.cmake
Already unlinked: {}
Unlinking: /home/youran/Desktop/introtoros_2025/project/devel/share/msg_interfaces/cmake/msg_interfacesConfig-version.cmake
Already unlinked: {}
Unlinking: /home/youran/Desktop/introtoros_2025/project/devel/share/gennodejs/ros/msg_interfaces/_index.js
Already unlinked: {}
Unlinking: /home/youran/Desktop/introtoros_2025/project/devel/share/gennodejs/ros/msg_interfaces/msg/_index.js
Already unlinked: {}
Unlinking: /home/youran/Desktop/introtoros_2025/project/devel/share/gennodejs/ros/msg_interfaces/msg/Trajectory.js
Already unlinked: {}
Unlinking: /home/youran/Desktop/introtoros_2025/project/devel/include/msg_interfaces/Trajectory.h
Already unlinked: {}
